<?xml version="1.0" encoding="UTF-8"?>
<!-- Generated by org.testng.reporters.JUnitReportReporter -->
<testsuite hostname="DESKTOP-GHSIURQ" failures="0" tests="3" name="testNG.TestNGPractice" time="0.049" errors="0" timestamp="2023-07-18T17:34:00 IST" skipped="0">
  <testcase classname="testNG.TestNGPractice" name="deleteCustomer" time="0.010"/>
  <system-out/>
  <testcase classname="testNG.TestNGPractice" name="createCustomer" time="0.019"/>
  <system-out/>
  <testcase classname="testNG.TestNGPractice" name="modifyCustomer" time="0.020"/>
  <system-out/>
</testsuite> <!-- testNG.TestNGPractice -->
