<?xml version="1.0" encoding="UTF-8"?>
<!-- Generated by org.testng.reporters.JUnitReportReporter -->
<testsuite hostname="DESKTOP-GHSIURQ" failures="0" tests="3" name="testNG.TestNGPracticeTest" time="0.025" errors="0" timestamp="2023-07-18T17:55:24 IST" skipped="0">
  <testcase classname="testNG.TestNGPracticeTest" name="deleteCustomer" time="0.019"/>
  <system-out/>
  <testcase classname="testNG.TestNGPracticeTest" name="modifyCustomer" time="0.003"/>
  <system-out/>
  <testcase classname="testNG.TestNGPracticeTest" name="createCustomer" time="0.003"/>
  <system-out/>
</testsuite> <!-- testNG.TestNGPracticeTest -->
