<?xml version="1.0" encoding="UTF-8"?>
<!-- Generated by org.testng.reporters.JUnitReportReporter -->
<testsuite hostname="DESKTOP-GHSIURQ" failures="0" tests="3" name="testNG.DataProviderPractice" time="0.032" errors="0" timestamp="2023-07-19T12:37:17 IST" skipped="0">
  <testcase classname="testNG.DataProviderPractice" name="dataProviderDemo" time="0.008"/>
  <system-out/>
  <testcase classname="testNG.DataProviderPractice" name="dataProviderDemo" time="0.014"/>
  <system-out/>
  <testcase classname="testNG.DataProviderPractice" name="dataProviderDemo" time="0.010"/>
  <system-out/>
</testsuite> <!-- testNG.DataProviderPractice -->
