<?xml version="1.0" encoding="UTF-8"?>
<!-- Generated by org.testng.reporters.JUnitReportReporter -->
<testsuite hostname="DESKTOP-GHSIURQ" failures="0" tests="1" name="pomClasses.LoginToActiTimeApp" time="13.788" errors="0" timestamp="2023-07-19T13:42:36 IST" skipped="0">
  <testcase classname="pomClasses.LoginToActiTimeApp" name="loginTest" time="13.788"/>
  <system-out/>
</testsuite> <!-- pomClasses.LoginToActiTimeApp -->
